0 info it worked if it ends with ok
1 verbose cli [ '/usr/bin/node', '/usr/bin/npm', '-g', 'install', 'cargo' ]
2 info using npm@3.10.10
3 info using node@v6.17.1
4 silly loadCurrentTree Starting
5 silly install loadCurrentTree
6 silly install readGlobalPackageData
7 silly fetchPackageMetaData cargo
8 silly fetchNamedPackageData cargo
9 silly mapToRegistry name cargo
10 silly mapToRegistry using default registry
11 silly mapToRegistry registry https://registry.npmjs.org/
12 silly mapToRegistry data Result {
12 silly mapToRegistry   raw: 'cargo',
12 silly mapToRegistry   scope: null,
12 silly mapToRegistry   escapedName: 'cargo',
12 silly mapToRegistry   name: 'cargo',
12 silly mapToRegistry   rawSpec: '',
12 silly mapToRegistry   spec: 'latest',
12 silly mapToRegistry   type: 'tag' }
13 silly mapToRegistry uri https://registry.npmjs.org/cargo
14 verbose request uri https://registry.npmjs.org/cargo
15 verbose request no auth needed
16 info attempt registry request try #1 at 14:41:19
17 verbose request id 68f394790c350727
18 http request GET https://registry.npmjs.org/cargo
19 http 200 https://registry.npmjs.org/cargo
20 verbose headers { date: 'Sun, 26 Jan 2020 19:41:20 GMT',
20 verbose headers   'content-type': 'application/json; charset=UTF-8',
20 verbose headers   'transfer-encoding': 'chunked',
20 verbose headers   connection: 'keep-alive',
20 verbose headers   'set-cookie': [ '__cfduid=d2fce7945ce08c4c09fcaaf41dc2ca3eb1580067679; expires=Tue, 25-Feb-20 19:41:19 GMT; path=/; domain=.npmjs.org; HttpOnly; SameSite=Lax' ],
20 verbose headers   'cf-ray': '55b4f6b69809ce8b-LHR',
20 verbose headers   'cache-control': 'public, max-age=300',
20 verbose headers   etag: 'W/"60c6627a5b642a8db502e7f59267a2d8"',
20 verbose headers   'last-modified': 'Sat, 26 May 2018 19:25:59 GMT',
20 verbose headers   vary: 'accept-encoding, accept',
20 verbose headers   'cf-cache-status': 'EXPIRED',
20 verbose headers   'expect-ct': 'max-age=604800, report-uri="https://report-uri.cloudflare.com/cdn-cgi/beacon/expect-ct"',
20 verbose headers   server: 'cloudflare',
20 verbose headers   'content-encoding': 'gzip' }
21 silly get cb [ 200,
21 silly get   { date: 'Sun, 26 Jan 2020 19:41:20 GMT',
21 silly get     'content-type': 'application/json; charset=UTF-8',
21 silly get     'transfer-encoding': 'chunked',
21 silly get     connection: 'keep-alive',
21 silly get     'set-cookie': [ '__cfduid=d2fce7945ce08c4c09fcaaf41dc2ca3eb1580067679; expires=Tue, 25-Feb-20 19:41:19 GMT; path=/; domain=.npmjs.org; HttpOnly; SameSite=Lax' ],
21 silly get     'cf-ray': '55b4f6b69809ce8b-LHR',
21 silly get     'cache-control': 'public, max-age=300',
21 silly get     etag: 'W/"60c6627a5b642a8db502e7f59267a2d8"',
21 silly get     'last-modified': 'Sat, 26 May 2018 19:25:59 GMT',
21 silly get     vary: 'accept-encoding, accept',
21 silly get     'cf-cache-status': 'EXPIRED',
21 silly get     'expect-ct': 'max-age=604800, report-uri="https://report-uri.cloudflare.com/cdn-cgi/beacon/expect-ct"',
21 silly get     server: 'cloudflare',
21 silly get     'content-encoding': 'gzip' } ]
22 verbose get saving cargo to /home/vagrant/.npm/registry.npmjs.org/cargo/.cache.json
23 verbose correctMkdir /home/vagrant/.npm correctMkdir not in flight; initializing
24 verbose makeDirectory /home/vagrant/.npm creation not in flight; initializing
25 silly makeDirectory /home/vagrant/.npm uid: 1000 gid: 1000
26 silly install normalizeTree
27 silly loadCurrentTree Finishing
28 silly loadIdealTree Starting
29 silly install loadIdealTree
30 silly cloneCurrentTree Starting
31 silly install cloneCurrentTreeToIdealTree
32 silly cloneCurrentTree Finishing
33 silly loadShrinkwrap Starting
34 silly install loadShrinkwrap
35 silly loadShrinkwrap Finishing
36 silly loadAllDepsIntoIdealTree Starting
37 silly install loadAllDepsIntoIdealTree
38 silly resolveWithNewModule cargo@0.8.0 checking installable status
39 silly cache add args [ 'cargo', null ]
40 verbose cache add spec cargo
41 silly cache add parsed spec Result {
41 silly cache add   raw: 'cargo',
41 silly cache add   scope: null,
41 silly cache add   escapedName: 'cargo',
41 silly cache add   name: 'cargo',
41 silly cache add   rawSpec: '',
41 silly cache add   spec: 'latest',
41 silly cache add   type: 'tag' }
42 silly addNamed cargo@latest
43 verbose addNamed "latest" is being treated as a dist-tag for cargo
44 info addNameTag [ 'cargo', 'latest' ]
45 silly mapToRegistry name cargo
46 silly mapToRegistry using default registry
47 silly mapToRegistry registry https://registry.npmjs.org/
48 silly mapToRegistry data Result {
48 silly mapToRegistry   raw: 'cargo',
48 silly mapToRegistry   scope: null,
48 silly mapToRegistry   escapedName: 'cargo',
48 silly mapToRegistry   name: 'cargo',
48 silly mapToRegistry   rawSpec: '',
48 silly mapToRegistry   spec: 'latest',
48 silly mapToRegistry   type: 'tag' }
49 silly mapToRegistry uri https://registry.npmjs.org/cargo
50 verbose addNameTag registry:https://registry.npmjs.org/cargo not in flight; fetching
51 verbose get https://registry.npmjs.org/cargo not expired, no request
52 silly addNameTag next cb for cargo with tag latest
53 silly addNamed cargo@0.8.0
54 verbose addNamed "0.8.0" is a plain semver version for cargo
55 silly mapToRegistry name cargo
56 silly mapToRegistry using default registry
57 silly mapToRegistry registry https://registry.npmjs.org/
58 silly mapToRegistry data Result {
58 silly mapToRegistry   raw: 'cargo',
58 silly mapToRegistry   scope: null,
58 silly mapToRegistry   escapedName: 'cargo',
58 silly mapToRegistry   name: 'cargo',
58 silly mapToRegistry   rawSpec: '',
58 silly mapToRegistry   spec: 'latest',
58 silly mapToRegistry   type: 'tag' }
59 silly mapToRegistry uri https://registry.npmjs.org/cargo
60 verbose addRemoteTarball https://registry.npmjs.org/cargo/-/cargo-0.8.0.tgz not in flight; adding
61 verbose addRemoteTarball [ 'https://registry.npmjs.org/cargo/-/cargo-0.8.0.tgz',
61 verbose addRemoteTarball   'af0eb0cf9733057cbfffe59d6bfbf9d0e93e4495' ]
62 info retry fetch attempt 1 at 14:41:20
63 info attempt registry request try #1 at 14:41:20
64 http fetch GET https://registry.npmjs.org/cargo/-/cargo-0.8.0.tgz
65 http fetch 200 https://registry.npmjs.org/cargo/-/cargo-0.8.0.tgz
66 silly fetchAndShaCheck shasum af0eb0cf9733057cbfffe59d6bfbf9d0e93e4495
67 verbose addTmpTarball /tmp/npm-17818-350d8908/registry.npmjs.org/cargo/-/cargo-0.8.0.tgz not in flight; adding
68 verbose addTmpTarball already have metadata; skipping unpack for cargo@0.8.0
69 verbose correctMkdir /home/vagrant/.npm correctMkdir not in flight; initializing
70 silly cache afterAdd cargo@0.8.0
71 verbose afterAdd /home/vagrant/.npm/cargo/0.8.0/package/package.json not in flight; writing
72 verbose correctMkdir /home/vagrant/.npm correctMkdir not in flight; initializing
73 verbose afterAdd /home/vagrant/.npm/cargo/0.8.0/package/package.json written
74 silly loadAllDepsIntoIdealTree Finishing
75 silly loadIdealTree Finishing
76 silly currentTree lib
77 silly idealTree lib
77 silly idealTree └── cargo@0.8.0
78 silly generateActionsToTake Starting
79 silly install generateActionsToTake
80 warn checkPermissions Missing write access to /usr/lib/node_modules
81 silly rollbackFailedOptional Starting
82 silly rollbackFailedOptional Finishing
83 silly runTopLevelLifecycles Finishing
84 silly install printInstalled
85 verbose stack Error: EACCES: permission denied, access '/usr/lib/node_modules'
85 verbose stack     at Error (native)
86 verbose cwd /home/vagrant/go/src/challenge-3/cargo
87 error Linux 3.10.0-1062.9.1.el7.x86_64
88 error argv "/usr/bin/node" "/usr/bin/npm" "-g" "install" "cargo"
89 error node v6.17.1
90 error npm  v3.10.10
91 error path /usr/lib/node_modules
92 error code EACCES
93 error errno -13
94 error syscall access
95 error Error: EACCES: permission denied, access '/usr/lib/node_modules'
95 error     at Error (native)
95 error  { Error: EACCES: permission denied, access '/usr/lib/node_modules'
95 error     at Error (native)
95 error   errno: -13,
95 error   code: 'EACCES',
95 error   syscall: 'access',
95 error   path: '/usr/lib/node_modules' }
96 error Please try running this command again as root/Administrator.
97 verbose exit [ -13, true ]
